<?xml version="1.0" encoding="UTF-8"?>
<!-- Generated by org.testng.reporters.JUnitReportReporter -->
<testsuite hostname="Jaspreet" failures="0" tests="5" name="CURAHealthCare.BookAppt.Login" time="10.308" errors="0" timestamp="2024-12-18T15:39:50 EST" skipped="0">
  <testcase classname="CURAHealthCare.BookAppt.Login" name="loginOne" time="1.913"/>
  <testcase classname="CURAHealthCare.BookAppt.Login" name="loginSix" time="2.004"/>
  <testcase classname="CURAHealthCare.BookAppt.Login" name="loginFive" time="2.512"/>
  <testcase classname="CURAHealthCare.BookAppt.Login" name="loginThree" time="1.967"/>
  <testcase classname="CURAHealthCare.BookAppt.Login" name="loginFour" time="1.912"/>
</testsuite> <!-- CURAHealthCare.BookAppt.Login -->
