<?xml version="1.0" encoding="UTF-8"?>
<!-- Generated by org.testng.reporters.JUnitReportReporter -->
<testsuite hostname="Jaspreet" failures="0" tests="1" name="CURAHealthCare.BookAppt.apptBooking" time="4.745" errors="0" timestamp="2025-02-12T14:59:12 EST" skipped="0">
  <testcase classname="CURAHealthCare.BookAppt.apptBooking" name="bookingTest" time="4.745"/>
</testsuite> <!-- CURAHealthCare.BookAppt.apptBooking -->
