<?xml version="1.0" encoding="UTF-8"?>
<!-- Generated by org.testng.reporters.JUnitReportReporter -->
<testsuite hostname="Jaspreet" failures="0" tests="1" name="CURAHealthCare.BookAppt.apptBooking" time="2.518" errors="0" timestamp="2024-12-18T15:36:55 EST" skipped="0">
  <testcase classname="CURAHealthCare.BookAppt.apptBooking" name="bookingTest" time="2.518"/>
</testsuite> <!-- CURAHealthCare.BookAppt.apptBooking -->
