<?xml version="1.0" encoding="UTF-8"?>
<!-- Generated by org.testng.reporters.JUnitReportReporter -->
<testsuite hostname="Jaspreet" failures="0" tests="1" name="CURAHealthCare.BookAppt.apptBooking" time="5.546" errors="0" timestamp="2025-02-12T15:04:52 EST" skipped="0">
  <testcase classname="CURAHealthCare.BookAppt.apptBooking" name="bookingTest" time="5.546"/>
</testsuite> <!-- CURAHealthCare.BookAppt.apptBooking -->
